<?xml version="1.0" encoding="UTF-8"?>
<!-- Generated by org.testng.reporters.JUnitReportReporter -->
<testsuite hostname="DESKTOP-KCAONTL" failures="0" tests="3" name="Testng.Inheritance_Selenium" time="2.406" errors="0" timestamp="2023-09-21T18:46:59 IST" skipped="0">
  <testcase classname="Testng.Inheritance_Selenium" name="enterUsername" time="0.867"/>
  <testcase classname="Testng.Inheritance_Selenium" name="enterPassword" time="0.233"/>
  <testcase classname="Testng.Inheritance_Selenium" name="clickLogin" time="1.306"/>
</testsuite> <!-- Testng.Inheritance_Selenium -->
