<?xml version="1.0" encoding="UTF-8"?>
<!-- Generated by org.testng.reporters.JUnitReportReporter -->
<testsuite hostname="DESKTOP-KCAONTL" failures="0" tests="3" name="Testng.Firstprogram_Testng" time="0.879" errors="0" timestamp="2023-09-21T18:44:47 IST" skipped="0">
  <testcase classname="Testng.Firstprogram_Testng" name="enterUsername" time="0.537"/>
  <testcase classname="Testng.Firstprogram_Testng" name="enterPassword" time="0.178"/>
  <testcase classname="Testng.Firstprogram_Testng" name="clickLogin" time="0.164"/>
</testsuite> <!-- Testng.Firstprogram_Testng -->
