<?xml version="1.0" encoding="UTF-8"?>
<!-- Generated by org.testng.reporters.JUnitReportReporter -->
<testsuite hostname="DESKTOP-KCAONTL" failures="0" tests="3" name="Testng.Screenshot_Example" time="2.025" errors="0" timestamp="2023-09-27T15:35:36 IST" skipped="0">
  <testcase classname="Testng.Screenshot_Example" name="enterUsername" time="1.361"/>
  <testcase classname="Testng.Screenshot_Example" name="enterPassword" time="0.509"/>
  <testcase classname="Testng.Screenshot_Example" name="clickLogin" time="0.155"/>
</testsuite> <!-- Testng.Screenshot_Example -->
